<?xml version="1.0" encoding="UTF-8"?>
<!-- Generated by org.testng.reporters.JUnitReportReporter -->
<testsuite hostname="DESKTOP-LVJ2S0C" failures="0" tests="2" name="TestCases.Register_TestCases" time="7.930" errors="0" timestamp="2023-12-05T11:48:24 IST" skipped="0">
  <testcase classname="TestCases.Register_TestCases" name="VerifyRegistrationWithvalidData" time="3.073"/>
  <testcase classname="TestCases.Register_TestCases" name="VerifyRegistrationWithBlankData" time="4.857"/>
</testsuite> <!-- TestCases.Register_TestCases -->
