<?xml version="1.0" encoding="UTF-8"?>
<!-- Generated by org.testng.reporters.JUnitReportReporter -->
<testsuite hostname="DESKTOP-LVJ2S0C" failures="0" tests="2" name="TestCases.Login_TestCases" time="3.387" errors="0" timestamp="2023-12-05T11:48:24 IST" skipped="0">
  <testcase classname="TestCases.Login_TestCases" name="ValidLoginTest" time="1.583"/>
  <testcase classname="TestCases.Login_TestCases" name="InValidLoginTest" time="1.804"/>
</testsuite> <!-- TestCases.Login_TestCases -->
